<?xml version="1.0" encoding="UTF-8"?>
<!-- Generated by org.testng.reporters.JUnitXMLReporter -->
<testsuite hostname="DESKTOP-PDG2J70" ignored="0" name="Default test" tests="2" failures="0" timestamp="20 nov 2018 19:29:34 GMT" time="0.075" errors="0">
  <testcase name="TestFamRentalPrice" time="0.011" classname="testCases.TestFamilyRentalsMultipleDays"/>
  <testcase name="TestFamRentalPriceDiscount" time="0.002" classname="testCases.TestFamilyRentalsMultipleDays"/>
</testsuite> <!-- Default test -->
