<?xml version="1.0" encoding="UTF-8"?>
<testng-results skipped="0" failed="0" ignored="0" total="2" passed="2">
  <reporter-output>
  </reporter-output>
  <suite name="Default suite" duration-ms="75" started-at="2018-11-20T19:29:34Z" finished-at="2018-11-20T19:29:34Z">
    <groups>
    </groups>
    <test name="Default test" duration-ms="75" started-at="2018-11-20T19:29:34Z" finished-at="2018-11-20T19:29:34Z">
      <class name="testCases.TestFamilyRentalsMultipleDays">
        <test-method status="PASS" signature="setUpClass()[pri:0, instance:testCases.TestFamilyRentalsMultipleDays@36d4b5c]" name="setUpClass" is-config="true" duration-ms="22" started-at="2018-11-20T19:29:34Z" finished-at="2018-11-20T19:29:34Z">
          <reporter-output>
          </reporter-output>
        </test-method> <!-- setUpClass -->
        <test-method status="PASS" signature="TestFamRentalPrice()[pri:0, instance:testCases.TestFamilyRentalsMultipleDays@36d4b5c]" name="TestFamRentalPrice" duration-ms="11" started-at="2018-11-20T19:29:34Z" finished-at="2018-11-20T19:29:34Z">
          <reporter-output>
          </reporter-output>
        </test-method> <!-- TestFamRentalPrice -->
        <test-method status="PASS" signature="TestFamRentalPriceDiscount()[pri:0, instance:testCases.TestFamilyRentalsMultipleDays@36d4b5c]" name="TestFamRentalPriceDiscount" duration-ms="2" started-at="2018-11-20T19:29:34Z" finished-at="2018-11-20T19:29:34Z">
          <reporter-output>
          </reporter-output>
        </test-method> <!-- TestFamRentalPriceDiscount -->
      </class> <!-- testCases.TestFamilyRentalsMultipleDays -->
    </test> <!-- Default test -->
  </suite> <!-- Default suite -->
</testng-results>
